<?xml version="1.0" encoding="UTF-8"?>
<testng-results ignored="0" total="2" passed="2" failed="0" skipped="0">
  <reporter-output>
  </reporter-output>
  <suite started-at="2025-05-07T08:14:50 IST" name="Suite" finished-at="2025-05-07T08:15:19 IST" duration-ms="28886">
    <groups>
      <group name="regression">
        <method signature="SubCategoryTest.addSubCategory()[pri:0, instance:testScript.SubCategoryTest@210ab13f]" name="addSubCategory" class="testScript.SubCategoryTest"/>
        <method signature="SubCategoryTest.updateSubCategory()[pri:0, instance:testScript.SubCategoryTest@210ab13f]" name="updateSubCategory" class="testScript.SubCategoryTest"/>
      </group> <!-- regression -->
    </groups>
    <test started-at="2025-05-07T08:14:50 IST" name="Test" finished-at="2025-05-07T08:15:19 IST" duration-ms="28886">
      <class name="testScript.SubCategoryTest">
        <test-method is-config="true" signature="browserInitialization(java.lang.String)[pri:0, instance:testScript.SubCategoryTest@210ab13f]" started-at="2025-05-07T08:14:50 IST" name="browserInitialization" finished-at="2025-05-07T08:14:57 IST" duration-ms="6840" status="PASS">
          <params>
            <param index="0">
              <value>
                <![CDATA[chrome]]>
              </value>
            </param>
          </params>
          <reporter-output>
          </reporter-output>
        </test-method> <!-- browserInitialization -->
        <test-method signature="addSubCategory()[pri:0, instance:testScript.SubCategoryTest@210ab13f]" started-at="2025-05-07T08:14:57 IST" name="addSubCategory" description="adding subcategory" finished-at="2025-05-07T08:15:09 IST" duration-ms="11432" status="PASS">
          <reporter-output>
          </reporter-output>
        </test-method> <!-- addSubCategory -->
        <test-method is-config="true" signature="browserQuit(org.testng.ITestResult)[pri:0, instance:testScript.SubCategoryTest@210ab13f]" started-at="2025-05-07T08:15:09 IST" name="browserQuit" finished-at="2025-05-07T08:15:09 IST" duration-ms="775" status="PASS">
          <params>
            <param index="0">
              <value>
                <![CDATA[[TestResult name=addSubCategory status=SUCCESS method=SubCategoryTest.addSubCategory()[pri:0, instance:testScript.SubCategoryTest@210ab13f] output={null}]]]>
              </value>
            </param>
          </params>
          <reporter-output>
          </reporter-output>
        </test-method> <!-- browserQuit -->
        <test-method is-config="true" signature="browserInitialization(java.lang.String)[pri:0, instance:testScript.SubCategoryTest@210ab13f]" started-at="2025-05-07T08:15:09 IST" name="browserInitialization" finished-at="2025-05-07T08:15:13 IST" duration-ms="3587" status="PASS">
          <params>
            <param index="0">
              <value>
                <![CDATA[chrome]]>
              </value>
            </param>
          </params>
          <reporter-output>
          </reporter-output>
        </test-method> <!-- browserInitialization -->
        <test-method signature="updateSubCategory()[pri:0, instance:testScript.SubCategoryTest@210ab13f]" started-at="2025-05-07T08:15:13 IST" name="updateSubCategory" description="update subcategory" finished-at="2025-05-07T08:15:18 IST" duration-ms="5491" status="PASS">
          <reporter-output>
          </reporter-output>
        </test-method> <!-- updateSubCategory -->
        <test-method is-config="true" signature="browserQuit(org.testng.ITestResult)[pri:0, instance:testScript.SubCategoryTest@210ab13f]" started-at="2025-05-07T08:15:18 IST" name="browserQuit" finished-at="2025-05-07T08:15:19 IST" duration-ms="551" status="PASS">
          <params>
            <param index="0">
              <value>
                <![CDATA[[TestResult name=updateSubCategory status=SUCCESS method=SubCategoryTest.updateSubCategory()[pri:0, instance:testScript.SubCategoryTest@210ab13f] output={null}]]]>
              </value>
            </param>
          </params>
          <reporter-output>
          </reporter-output>
        </test-method> <!-- browserQuit -->
      </class> <!-- testScript.SubCategoryTest -->
    </test> <!-- Test -->
  </suite> <!-- Suite -->
</testng-results>
